2013-12-04 16:48:26 -  - exec CUpdateClientPartner::GetUpdatesList
2013-12-04 16:48:26 -  - exec CUpdateClientPartner::__CollectRequestData
2013-12-04 16:48:26 -  - utf=N&lang=ru&stable=Y&CANGZIP=Y&SUPD_DBS=MYSQL&XE=N&CLIENT_SITE=xn--h1agfec.xn--p1ai&LICENSE_KEY=X&SUPD_STS=1&SUPD_URS=0&SUPD_URSA=2&TYPENC=D&CLIENT_PHPVER=5.3.22&dbv=5.5.30&instm=main%2C14.0.6%2CY%3Bsecurity%2C14.0.6%2CN%3Bform%2C12.5.0%2CN%3Bbitrix.eshop%2C14.0.0%2CN%3Bcompression%2C14.0.0%2CN%3Bsubscribe%2C14.0.0%2CN%3Breport%2C12.5.4%2CN%3Bphotogallery%2C12.5.1%2CN%3Bsocialservices%2C14.0.1%2CN%3Bcatalog%2C14.0.1%2CN%3Bclouds%2C14.0.0%2CN%3Bsearch%2C14.0.0%2CN%3Bcurrency%2C12.5.0%2CN%3Bpull%2C14.0.4%2CN%3Bmobileapp%2C14.0.2%2CN%3Beshopapp%2C14.0.0%2CN%3Bbitrix.sitecorporate%2C14.0.0%2CN%3Bsale%2C14.0.2%2CN%3Bbitrixcloud%2C14.0.2%2CN%3Bblog%2C14.0.0%2CN%3Biblock%2C14.0.2%2CN%3Bperfmon%2C14.0.0%2CN%3Bforum%2C14.0.2%2CN%3Bhighloadblock%2C14.0.1%2CN%3Bseo%2C14.0.1%2CN%3Bfileman%2C14.0.1%2CN%3Bvote%2C14.0.0%2CN&reqm=bitrix.eshop%2Cbitrix.sitecorporate&fullmoduleinfo=Y
2013-12-04 16:48:26 -  - exec CUpdateClientPartner::GetHTTPPage
2013-12-04 16:48:26 -  - TIME GetUpdatesList(request) 0.271 sec
2013-12-04 16:48:26 -  - exec CUpdateClientPartner::ParseServerData
2013-12-04 17:00:44 -  - exec CUpdateClientPartner::GetUpdatesList
2013-12-04 17:00:44 -  - exec CUpdateClientPartner::__CollectRequestData
2013-12-04 17:00:44 -  - utf=N&lang=ru&stable=Y&CANGZIP=Y&SUPD_DBS=MYSQL&XE=N&CLIENT_SITE=xn--h1agfec.xn--p1ai&LICENSE_KEY=X&SUPD_STS=1&SUPD_URS=0&SUPD_URSA=2&TYPENC=E&CLIENT_PHPVER=5.3.22&dbv=5.5.30&instm=main%2C14.0.6%2CN%3Bsecurity%2C14.0.6%2CN%3Bform%2C14.0.0%2CN%3Bbitrix.eshop%2C14.0.0%2CN%3Bcompression%2C14.0.0%2CN%3Bsubscribe%2C14.0.0%2CN%3Breport%2C12.5.4%2CN%3Bphotogallery%2C12.5.1%2CN%3Bsocialservices%2C14.0.1%2CN%3Bcatalog%2C14.0.2%2CN%3Bclouds%2C14.0.0%2CN%3Bsearch%2C14.0.0%2CN%3Bcurrency%2C14.0.0%2CN%3Btranslate%2C12.5.0%2CN%3Bpull%2C14.0.4%2CN%3Bmobileapp%2C14.0.2%2CN%3Beshopapp%2C14.0.0%2CN%3Bbitrix.sitecorporate%2C14.0.0%2CN%3Bsale%2C14.0.3%2CN%3Bbitrixcloud%2C14.0.2%2CN%3Bblog%2C14.0.0%2CN%3Biblock%2C14.0.3%2CN%3Bperfmon%2C14.0.0%2CN%3Bforum%2C14.0.2%2CN%3Bhighloadblock%2C14.0.3%2CN%3Bseo%2C14.0.2%2CN%3Bfileman%2C14.0.1%2CN%3Bvote%2C14.0.0%2CN&reqm=bitrix.eshop%2Cbitrix.sitecorporate&fullmoduleinfo=Y
2013-12-04 17:00:44 -  - exec CUpdateClientPartner::GetHTTPPage
2013-12-04 17:00:44 -  - TIME GetUpdatesList(request) 0.242 sec
2013-12-04 17:00:44 -  - exec CUpdateClientPartner::ParseServerData
2013-12-04 17:01:28 -  - exec CUpdateClientPartner::GetUpdatesList
2013-12-04 17:01:28 -  - exec CUpdateClientPartner::__CollectRequestData
2013-12-04 17:01:28 -  - utf=N&lang=ru&stable=Y&CANGZIP=Y&SUPD_DBS=MYSQL&XE=N&CLIENT_SITE=xn--h1agfec.xn--p1ai&LICENSE_KEY=X&SUPD_STS=1&SUPD_URS=0&SUPD_URSA=2&TYPENC=E&CLIENT_PHPVER=5.3.22&dbv=5.5.30&instm=main%2C14.0.6%2CN%3Bsecurity%2C14.0.6%2CN%3Bform%2C14.0.0%2CN%3Bbitrix.eshop%2C14.0.0%2CN%3Bcompression%2C14.0.0%2CN%3Bsubscribe%2C14.0.0%2CN%3Breport%2C12.5.4%2CN%3Bphotogallery%2C12.5.1%2CN%3Bsocialservices%2C14.0.1%2CN%3Bcatalog%2C14.0.2%2CN%3Bclouds%2C14.0.0%2CN%3Bsearch%2C14.0.0%2CN%3Bcurrency%2C14.0.0%2CN%3Btranslate%2C12.5.0%2CN%3Bpull%2C14.0.4%2CN%3Bmobileapp%2C14.0.2%2CN%3Beshopapp%2C14.0.0%2CN%3Bbitrix.sitecorporate%2C14.0.0%2CN%3Bsale%2C14.0.3%2CN%3Bbitrixcloud%2C14.0.2%2CN%3Bblog%2C14.0.0%2CN%3Biblock%2C14.0.3%2CN%3Bperfmon%2C14.0.0%2CN%3Bforum%2C14.0.2%2CN%3Bhighloadblock%2C14.0.3%2CN%3Bseo%2C14.0.2%2CN%3Bfileman%2C14.0.1%2CN%3Bvote%2C14.0.0%2CN&reqm=bitrix.eshop%2Cbitrix.sitecorporate
2013-12-04 17:01:28 -  - exec CUpdateClientPartner::GetHTTPPage
2013-12-04 17:01:28 -  - TIME GetUpdatesList(request) 0.47 sec
2013-12-04 17:01:28 -  - exec CUpdateClientPartner::ParseServerData
2013-12-04 17:01:43 -  - exec CUpdateClientPartner::GetUpdatesList
2013-12-04 17:01:43 -  - exec CUpdateClientPartner::__CollectRequestData
2013-12-04 17:01:43 -  - utf=N&lang=ru&stable=Y&CANGZIP=Y&SUPD_DBS=MYSQL&XE=N&CLIENT_SITE=xn--h1agfec.xn--p1ai&LICENSE_KEY=X&SUPD_STS=1&SUPD_URS=0&SUPD_URSA=2&TYPENC=E&CLIENT_PHPVER=5.3.22&dbv=5.5.30&instm=main%2C14.0.6%2CN%3Bsecurity%2C14.0.6%2CN%3Bform%2C14.0.0%2CN%3Bbitrix.eshop%2C14.0.0%2CN%3Bcompression%2C14.0.0%2CN%3Bsubscribe%2C14.0.0%2CN%3Breport%2C12.5.4%2CN%3Bphotogallery%2C12.5.1%2CN%3Bsocialservices%2C14.0.1%2CN%3Bcatalog%2C14.0.2%2CN%3Bclouds%2C14.0.0%2CN%3Bsearch%2C14.0.0%2CN%3Bcurrency%2C14.0.0%2CN%3Btranslate%2C12.5.0%2CN%3Bpull%2C14.0.4%2CN%3Bmobileapp%2C14.0.2%2CN%3Beshopapp%2C14.0.0%2CN%3Bbitrix.sitecorporate%2C14.0.0%2CN%3Bsale%2C14.0.3%2CN%3Bbitrixcloud%2C14.0.2%2CN%3Bblog%2C14.0.0%2CN%3Biblock%2C14.0.3%2CN%3Bperfmon%2C14.0.0%2CN%3Bforum%2C14.0.2%2CN%3Bhighloadblock%2C14.0.3%2CN%3Bseo%2C14.0.2%2CN%3Bfileman%2C14.0.1%2CN%3Bvote%2C14.0.0%2CN&reqm=bitrix.eshop%2Cbitrix.sitecorporate&fullmoduleinfo=Y
2013-12-04 17:01:43 -  - exec CUpdateClientPartner::GetHTTPPage
2013-12-04 17:01:44 -  - TIME GetUpdatesList(request) 0.225 sec
2013-12-04 17:01:44 -  - exec CUpdateClientPartner::ParseServerData
2013-12-04 17:02:35 -  - exec CUpdateClientPartner::GetUpdatesList
2013-12-04 17:02:35 -  - exec CUpdateClientPartner::__CollectRequestData
2013-12-04 17:02:35 -  - utf=N&lang=ru&stable=Y&CANGZIP=Y&SUPD_DBS=MYSQL&XE=N&CLIENT_SITE=xn--h1agfec.xn--p1ai&LICENSE_KEY=X&SUPD_STS=1&SUPD_URS=0&SUPD_URSA=2&TYPENC=E&CLIENT_PHPVER=5.3.22&dbv=5.5.30&instm=main%2C14.0.6%2CN%3Bsecurity%2C14.0.6%2CN%3Bform%2C14.0.0%2CN%3Bbitrix.eshop%2C14.0.0%2CN%3Bcompression%2C14.0.0%2CN%3Bsubscribe%2C14.0.0%2CN%3Breport%2C12.5.4%2CN%3Bphotogallery%2C12.5.1%2CN%3Bsocialservices%2C14.0.1%2CN%3Bcatalog%2C14.0.2%2CN%3Bclouds%2C14.0.0%2CN%3Bsearch%2C14.0.0%2CN%3Bcurrency%2C14.0.0%2CN%3Btranslate%2C12.5.0%2CN%3Bpull%2C14.0.4%2CN%3Bmobileapp%2C14.0.2%2CN%3Beshopapp%2C14.0.0%2CN%3Bbitrix.sitecorporate%2C14.0.0%2CN%3Bsale%2C14.0.3%2CN%3Bbitrixcloud%2C14.0.2%2CN%3Bblog%2C14.0.0%2CN%3Biblock%2C14.0.3%2CN%3Bperfmon%2C14.0.0%2CN%3Bforum%2C14.0.2%2CN%3Bhighloadblock%2C14.0.3%2CN%3Bseo%2C14.0.2%2CN%3Bfileman%2C14.0.1%2CN%3Bvote%2C14.0.0%2CN&reqm=bitrix.eshop%2Cbitrix.sitecorporate&fullmoduleinfo=Y
2013-12-04 17:02:35 -  - exec CUpdateClientPartner::GetHTTPPage
2013-12-04 17:02:35 -  - TIME GetUpdatesList(request) 0.16 sec
2013-12-04 17:02:35 -  - exec CUpdateClientPartner::ParseServerData
2013-12-04 17:04:09 -  - exec CUpdateClientPartner::GetUpdatesList
2013-12-04 17:04:09 -  - exec CUpdateClientPartner::__CollectRequestData
2013-12-04 17:04:09 -  - utf=N&lang=ru&stable=Y&CANGZIP=Y&SUPD_DBS=MYSQL&XE=N&CLIENT_SITE=xn--h1agfec.xn--p1ai&LICENSE_KEY=X&SUPD_STS=1&SUPD_URS=0&SUPD_URSA=2&TYPENC=E&CLIENT_PHPVER=5.3.22&dbv=5.5.30&instm=main%2C14.0.6%2CN%3Bsecurity%2C14.0.6%2CN%3Bform%2C14.0.0%2CN%3Bbitrix.eshop%2C14.0.0%2CN%3Bcompression%2C14.0.0%2CN%3Bsubscribe%2C14.0.0%2CN%3Breport%2C12.5.4%2CN%3Bphotogallery%2C12.5.1%2CN%3Bsocialservices%2C14.0.1%2CN%3Bcatalog%2C14.0.2%2CN%3Bclouds%2C14.0.0%2CN%3Bsearch%2C14.0.0%2CN%3Bcurrency%2C14.0.0%2CN%3Btranslate%2C12.5.0%2CN%3Bpull%2C14.0.4%2CN%3Bmobileapp%2C14.0.2%2CN%3Beshopapp%2C14.0.0%2CN%3Bbitrix.sitecorporate%2C14.0.0%2CN%3Bsale%2C14.0.3%2CN%3Bbitrixcloud%2C14.0.2%2CN%3Bblog%2C14.0.0%2CN%3Biblock%2C14.0.3%2CN%3Bperfmon%2C14.0.0%2CN%3Bforum%2C14.0.2%2CN%3Bhighloadblock%2C14.0.3%2CN%3Bseo%2C14.0.2%2CN%3Bfileman%2C14.0.1%2CN%3Bvote%2C14.0.0%2CN&reqm=bitrix.eshop%2Cbitrix.sitecorporate&fullmoduleinfo=Y
2013-12-04 17:04:09 -  - exec CUpdateClientPartner::GetHTTPPage
2013-12-04 17:04:09 -  - TIME GetUpdatesList(request) 0.183 sec
2013-12-04 17:04:09 -  - exec CUpdateClientPartner::ParseServerData
2013-12-04 17:05:19 -  - exec CUpdateClientPartner::GetUpdatesList
2013-12-04 17:05:19 -  - exec CUpdateClientPartner::__CollectRequestData
2013-12-04 17:05:19 -  - utf=N&lang=ru&stable=Y&CANGZIP=Y&SUPD_DBS=MYSQL&XE=N&CLIENT_SITE=xn--h1agfec.xn--p1ai&LICENSE_KEY=X&SUPD_STS=1&SUPD_URS=0&SUPD_URSA=2&TYPENC=E&CLIENT_PHPVER=5.3.22&dbv=5.5.30&instm=main%2C14.0.6%2CN%3Bsecurity%2C14.0.6%2CN%3Bform%2C14.0.0%2CN%3Bbitrix.eshop%2C14.0.0%2CN%3Bcompression%2C14.0.0%2CN%3Bsubscribe%2C14.0.0%2CN%3Breport%2C12.5.4%2CN%3Bphotogallery%2C12.5.1%2CN%3Bsocialservices%2C14.0.1%2CN%3Bcatalog%2C14.0.2%2CN%3Bclouds%2C14.0.0%2CN%3Bsearch%2C14.0.0%2CN%3Bcurrency%2C14.0.0%2CN%3Btranslate%2C12.5.0%2CN%3Bpull%2C14.0.4%2CN%3Bmobileapp%2C14.0.2%2CN%3Beshopapp%2C14.0.0%2CN%3Bbitrix.sitecorporate%2C14.0.0%2CN%3Bsale%2C14.0.3%2CN%3Bbitrixcloud%2C14.0.2%2CN%3Bblog%2C14.0.0%2CN%3Biblock%2C14.0.3%2CN%3Bperfmon%2C14.0.0%2CN%3Bforum%2C14.0.2%2CN%3Bhighloadblock%2C14.0.3%2CN%3Bseo%2C14.0.2%2CN%3Bfileman%2C14.0.1%2CN%3Bvote%2C14.0.0%2CN&reqm=bitrix.eshop%2Cbitrix.sitecorporate&fullmoduleinfo=Y
2013-12-04 17:05:19 -  - exec CUpdateClientPartner::GetHTTPPage
2013-12-04 17:05:20 -  - TIME GetUpdatesList(request) 0.498 sec
2013-12-04 17:05:20 -  - exec CUpdateClientPartner::ParseServerData
