2015-Jan-27 00:36:27 –ù–∞–ª–∏—á–∏–µ –Ω–µ–æ–±—Ö–æ–¥–∏–º—ã—Ö –º–æ–¥—É–ª–µ–π php (check_php_modules): Ok
–í—Å–µ –Ω–µ–æ–±—Ö–æ–¥–∏–º—ã–µ –º–æ–¥—É–ª–∏ —É—Å—Ç–∞–Ω–æ–≤–ª–µ–Ω—ã
2015-Jan-27 00:36:27 –û–±—è–∑–∞—Ç–µ–ª—å–Ω—ã–µ –ø–∞—Ä–∞–º–µ—Ç—Ä—ã PHP (check_php_settings): Ok
–ù–∞—Å—Ç—Ä–æ–π–∫–∏ –ø—Ä–∞–≤–∏–ª—å–Ω—ã–µ
2015-Jan-27 00:36:28 –ú–æ–¥—É–ª–∏ –≤–µ–±-—Å–µ—Ä–≤–µ—Ä–∞ (check_security): Ok
–ö–æ–Ω—Ñ–ª–∏–∫—Ç–æ–≤ –Ω–µ –≤—ã—è–≤–ª–µ–Ω–æ
2015-Jan-27 00:36:28 –ó–Ω–∞—á–µ–Ω–∏—è –ø–µ—Ä–µ–º–µ–Ω–Ω—ã—Ö —Å–µ—Ä–≤–µ—Ä–∞ (check_server_vars): Ok
–ö–æ—Ä—Ä–µ–∫—Ç–Ω—ã–µ
2015-Jan-27 00:36:28 –°–æ—Ö—Ä–∞–Ω–µ–Ω–∏–µ —Å–µ—Å—Å–∏–∏ (check_session): Ok
50% done
2015-Jan-27 00:36:28 –°–æ—Ö—Ä–∞–Ω–µ–Ω–∏–µ —Å–µ—Å—Å–∏–∏ (check_session): Ok
–£—Å–ø–µ—à–Ω–æ
2015-Jan-27 00:36:28 –ü–∞—Ä–∞–º–µ—Ç—Ä—ã –Ω–∞—Å—Ç—Ä–æ–π–∫–∏ UTF (mbstring –∏ –∫–æ–Ω—Å—Ç–∞–Ω—Ç–∞ BX_UTF) (check_mbstring): Ok
–ü—Ä–∞–≤–∏–ª—å–Ω—ã–µ. –°–∞–π—Ç —Ä–∞–±–æ—Ç–∞–µ—Ç –≤ UTF –∫–æ–¥–∏—Ä–æ–≤–∫–µ
2015-Jan-27 00:36:28 –†–∞–±–æ—Ç–∞ —Å —Å–æ–∫–µ—Ç–∞–º–∏ (check_socket): Ok
Connection to www.devsandk.su:80	Success

–£—Å–ø–µ—à–Ω–æ
2015-Jan-27 00:36:29 –ü–∞—Ä–∞–º–µ—Ç—Ä—ã –ø–æ–¥–∫–ª—é—á–µ–Ω–∏—è –∫ –±–∞–∑–µ –¥–∞–Ω–Ω—ã—Ö (check_dbconn_settings): Ok
–£—Å–ø–µ—à–Ω–æ
2015-Jan-27 00:36:29 –õ–∏—à–Ω–∏–π –≤—ã–≤–æ–¥ –≤ —Ñ–∞–π–ª–∞—Ö –∫–æ–Ω—Ñ–∏–≥—É—Ä–∞—Ü–∏–∏ (check_dbconn): Ok
Connection to www.devsandk.su:80	Success

–£—Å–ø–µ—à–Ω–æ
2015-Jan-27 00:36:29 –í—ã–ø–æ–ª–Ω–µ–Ω–∏–µ –∞–≥–µ–Ω—Ç–æ–≤ –Ω–∞ cron (check_bx_crontab): Warning
–ó–∞–º–µ—á–∞–Ω–∏–µ. –ê–≥–µ–Ω—Ç—ã –≤—ã–ø–æ–ª–Ω—è—é—Ç—Å—è –Ω–∞ —Ö–∏—Ç–∞—Ö, —Ä–µ–∫–æ–º–µ–Ω–¥—É–µ—Ç—Å—è –ø–µ—Ä–µ–≤–µ—Å—Ç–∏ –≤—ã–ø–æ–ª–Ω–µ–Ω–∏–µ –∞–≥–µ–Ω—Ç–æ–≤ –Ω–∞ cron
2015-Jan-27 00:36:29 –°–æ—Ö—Ä–∞–Ω–µ–Ω–∏–µ —Å–µ—Å—Å–∏–∏ –±–µ–∑ UserAgent (check_session_ua): Ok
50% done
Connection to www.devsandk.su:80	Success

2015-Jan-27 00:36:29 –°–æ—Ö—Ä–∞–Ω–µ–Ω–∏–µ —Å–µ—Å—Å–∏–∏ –±–µ–∑ UserAgent (check_session_ua): Ok
Connection to www.devsandk.su:80	Success

–£—Å–ø–µ—à–Ω–æ
2015-Jan-27 00:36:29 –ù–∞—Å—Ç—Ä–æ–π–∫–∏ —Å–∞–π—Ç–æ–≤ (check_sites): Ok
–ü—Ä–∞–≤–∏–ª—å–Ω—ã–µ
2015-Jan-27 00:36:30 –°–ª—É–∂–µ–±–Ω—ã–µ —Å–∫—Ä–∏–ø—Ç—ã –≤ –∫–æ—Ä–Ω–µ —Å–∞–π—Ç–∞ (check_install_scripts): Ok
–û—Ç—Å—É—Ç—Å—Ç–≤—É—é—Ç
2015-Jan-27 00:36:30 –ü–µ—Ä–µ–¥–∞—á–∞ –æ–±—ä–µ–∫—Ç–æ–≤ –ø–æ —Å—Å—ã–ª–∫–µ (check_clone): Ok
–£—Å–ø–µ—à–Ω–æ
2015-Jan-27 00:36:30 –†–∞–∑–º–µ—Ä —Å—Ç–µ–∫–∞ –∏ pcre.recursion_limit (check_pcre_recursion): Warning
Connection to www.devsandk.su:80	Success

–ó–∞–º–µ—á–∞–Ω–∏–µ. –í–æ–∑–º–æ–∂–Ω—ã –ø—Ä–æ–±–ª–µ–º—ã –≤ —Ä–∞–±–æ—Ç–µ —Å –¥–ª–∏–Ω–Ω—ã–º–∏ —Å—Ç—Ä–æ–∫–∞–º–∏ –∏–∑-–∑–∞ —Å–∏—Å—Ç–µ–º–Ω—ã—Ö –æ–≥—Ä–∞–Ω–∏—á–µ–Ω–∏–π
2015-Jan-27 00:36:30 –í—ã–∑–æ–≤ method_exists –Ω–∞ —Å—Ç—Ä–æ–∫–µ (check_method_exists): Ok
Connection to www.devsandk.su:80	Success

–£—Å–ø–µ—à–Ω–æ
2015-Jan-27 00:36:30 –ó–∞–≥—Ä—É–∑–∫–∞ —Ñ–∞–π–ª–∞ (check_upload): Ok
Connection to www.devsandk.su:80	Success

–£—Å–ø–µ—à–Ω–æ
2015-Jan-27 00:36:30 –ó–∞–≥—Ä—É–∑–∫–∞ —Ñ–∞–π–ª–∞ –±–æ–ª—å—à–µ 4–ú–± (check_upload_big): Fail
Connection to www.devsandk.su:80	Success
== Request ==
POST /bitrix/admin/site_checker.php?test_type=upload_test&unique_id=afc63b8c3edb12110269e731dd825f09&big=1&raw=0 HTTP/1.1
Host: www.devsandk.su
Content-Type: multipart/form-data; boundary=--------dff76b383acf95f24bbc63e19c15a817
Content-Length: 4200195

----------dff76b383acf95f24bbc63e19c15a817
Content-Disposition: form-data; name="test_file"; filename="site_checker.bin
Content-Type: image/gif

()*+,-./0123456789:;<=>?@ABCDEFGHIJKLMNOPQRSTUVWXYZ[\]^_`abcdefghijklmnopqrstuvwxyz{|}~ÄÅÇÉÑÖÜáàâäãåçéèêëíìîïñóòôöõúùûü†°¢£§•¶ß®©™´¨≠ÆØ∞±≤≥¥µ∂∑∏π∫ªºΩæø¿¡¬√ƒ≈∆«»… ÀÃÕŒœ–—“”‘’÷◊ÿŸ⁄€‹›ﬁﬂ‡·‚„‰ÂÊÁËÈÍÎÏÌÓÔ()*+,-./0123456789:;<=>?@ABCDEFGHIJKLMNOPQRSTUVWXYZ[\]^_`abcdefghijklmnopqrstuvwxyz{|}~ÄÅÇÉÑÖÜáàâäãåçéèêëíìîïñóòôöõúùûü†°¢£§•¶ß®©™´¨≠ÆØ∞±≤≥¥µ∂∑∏π∫ªºΩæø¿¡¬√ƒ≈∆«»… ÀÃÕŒœ–—“”‘’÷◊ÿŸ⁄€‹›ﬁﬂ‡·‚„‰ÂÊÁËÈÍÎÏÌÓÔ()*+,-./0123456789:;<=>?@ABCDEFGHIJKLMNOPQRSTUVWXYZ[\]^_`abcdefghijklmnopqrstuvwxyz{|}~ÄÅÇÉÑÖÜáàâäãåçéèêëíìîïñóòôöõúùûü†°¢£§•¶ß®©™´¨≠ÆØ∞±≤≥¥µ∂∑∏π∫ªºΩæø¿¡¬√ƒ≈∆«»… ÀÃÕŒœ–—“”‘’÷◊ÿŸ⁄€‹›ﬁﬂ‡·‚„‰ÂÊÁ ... (4200454 bytes)
== Response ==
HTTP/1.1 200 OK
X-Powered-By: PHP/5.4.36-0+deb7u3
Content-type: text/html
Transfer-Encoding: chunked
Date: Mon, 26 Jan 2015 21:36:30 GMT
Server: lighttpd/1.4.31

== Body ==
move_uploaded_file(,/home/sandk/www/entask.ru//bitrix/tmp/site_checker.bin)=false
$_FILES=
Array
(
    [test_file] => Array
        (
            [name] => site_checker.bin
            [type] => 
            [tmp_name] => 
            [error] => 1
            [size] => 0
        )

)

==========

–û—à–∏–±–∫–∞! –ù–µ —Ä–∞–±–æ—Ç–∞–µ—Ç
2015-Jan-27 00:36:31 –ó–∞–≥—Ä—É–∑–∫–∞ —Ñ–∞–π–ª–∞ —á–µ—Ä–µ–∑ php://input (check_upload_raw): Ok
Connection to www.devsandk.su:80	Success

–£—Å–ø–µ—à–Ω–æ
2015-Jan-27 00:36:31 –ü–µ—Ä–µ–¥–∞—á–∞ POST –∑–∞–ø—Ä–æ—Å–∞ —Å –±–æ–ª—å—à–∏–º —á–∏—Å–ª–æ–º –ø–∞—Ä–∞–º–µ—Ç—Ä–æ–≤ (check_post): Ok
Connection to www.devsandk.su:80	Success

–£—Å–ø–µ—à–Ω–æ
2015-Jan-27 00:36:31 –û—Ç–ø—Ä–∞–≤–∫–∞ –ø–æ—á—Ç—ã (check_mail): Ok
–£—Å–ø–µ—à–Ω–æ
2015-Jan-27 00:36:31 –û—Ç–ø—Ä–∞–≤–∫–∞ –ø–æ—á—Ç–æ–≤–æ–≥–æ —Å–æ–æ–±—â–µ–Ω–∏—è –±–æ–ª—å—à–µ 64–ö–± (check_mail_big): Ok
–£—Å–ø–µ—à–Ω–æ
2015-Jan-27 00:36:32 –ü—Ä–æ–≤–µ—Ä–∫–∞ –Ω–∞ –Ω–∞–ª–∏—á–∏–µ –Ω–µ–æ—Ç–ø—Ä–∞–≤–ª–µ–Ω–Ω—ã—Ö —Å–æ–æ–±—â–µ–Ω–∏–π (check_mail_b_event): Ok
–£—Å–ø–µ—à–Ω–æ
2015-Jan-27 00:36:32 –í–Ω—É—Ç—Ä–µ–Ω–Ω–µ–µ –ø–µ—Ä–µ–Ω–∞–ø—Ä–∞–≤–ª–µ–Ω–∏–µ (—Ñ—É–Ω–∫—Ü–∏—è LocalRedirect) (check_localredirect): Ok
50% done
Connection to www.devsandk.su:80	Success

2015-Jan-27 00:36:32 –í–Ω—É—Ç—Ä–µ–Ω–Ω–µ–µ –ø–µ—Ä–µ–Ω–∞–ø—Ä–∞–≤–ª–µ–Ω–∏–µ (—Ñ—É–Ω–∫—Ü–∏—è LocalRedirect) (check_localredirect): Ok
Connection to www.devsandk.su:80	Success

–£—Å–ø–µ—à–Ω–æ
2015-Jan-27 00:36:32 –§–∞–∫—Ç–∏—á–µ—Å–∫–æ–µ –æ–≥—Ä–∞–Ω–∏—á–µ–Ω–∏–µ –ø–∞–º—è—Ç–∏ (check_memory_limit): Ok
20% done
Connection to www.devsandk.su:80	Success

2015-Jan-27 00:36:33 –§–∞–∫—Ç–∏—á–µ—Å–∫–æ–µ –æ–≥—Ä–∞–Ω–∏—á–µ–Ω–∏–µ –ø–∞–º—è—Ç–∏ (check_memory_limit): Ok
40% done
Connection to www.devsandk.su:80	Success

2015-Jan-27 00:36:33 –§–∞–∫—Ç–∏—á–µ—Å–∫–æ–µ –æ–≥—Ä–∞–Ω–∏—á–µ–Ω–∏–µ –ø–∞–º—è—Ç–∏ (check_memory_limit): Ok
60% done
Connection to www.devsandk.su:80	Success

2015-Jan-27 00:36:33 –§–∞–∫—Ç–∏—á–µ—Å–∫–æ–µ –æ–≥—Ä–∞–Ω–∏—á–µ–Ω–∏–µ –ø–∞–º—è—Ç–∏ (check_memory_limit): Ok
80% done
Connection to www.devsandk.su:80	Success

2015-Jan-27 00:36:33 –§–∞–∫—Ç–∏—á–µ—Å–∫–æ–µ –æ–≥—Ä–∞–Ω–∏—á–µ–Ω–∏–µ –ø–∞–º—è—Ç–∏ (check_memory_limit): Ok
Connection to www.devsandk.su:80	Success

–ù–µ –º–µ–Ω–µ–µ 256 –ú
2015-Jan-27 00:36:33 –†–∞–±–æ—Ç–∞ —Å —Ñ–∞–π–ª–∞–º–∏ –∫–µ—à–∞ (check_cache): Ok
–£—Å–ø–µ—à–Ω–æ
2015-Jan-27 00:36:34 –î–æ—Å—Ç—É–ø –∫ —Å–µ—Ä–≤–µ—Ä—É –æ–±–Ω–æ–≤–ª–µ–Ω–∏–π (check_update): Ok
–£—Å–ø–µ—à–Ω–æ
2015-Jan-27 00:36:34 HTTP –∞–≤—Ç–æ—Ä–∏–∑–∞—Ü–∏—è (check_http_auth): Ok
Connection to www.devsandk.su:80	Success

–£—Å–ø–µ—à–Ω–æ
2015-Jan-27 00:36:34 –°–æ–∑–¥–∞–Ω–∏–µ –∏ –∑–∞–ø—É—Å–∫ —Ñ–∞–π–ª–∞ (check_exec): Ok
Connection to www.devsandk.su:80	Success

–£—Å–ø–µ—à–Ω–æ
2015-Jan-27 00:36:34 –§—É–Ω–∫—Ü–∏—è getimagesize –¥–ª—è swf (check_getimagesize): Ok
–£—Å–ø–µ—à–Ω–æ
2015-Jan-27 00:36:34 –í–µ—Ä—Å–∏—è MySQL —Å–µ—Ä–≤–µ—Ä–∞ (check_mysql_bug_version): Ok
–£—Å–ø–µ—à–Ω–æ
2015-Jan-27 00:36:36 –í—Ä–µ–º—è –Ω–∞ –ë–î –∏ –≤–µ–± —Å–µ—Ä–≤–µ—Ä–µ (check_mysql_time): Ok
–£—Å–ø–µ—à–Ω–æ
2015-Jan-27 00:36:36 –†–µ–∂–∏–º —Ä–∞–±–æ—Ç—ã MySQL (check_mysql_mode): Ok
–£—Å–ø–µ—à–Ω–æ
2015-Jan-27 00:36:36 –ö–æ–¥–∏—Ä–æ–≤–∫–∞ —Å–æ–µ–¥–∏–Ω–µ–Ω–∏—è (check_mysql_connection_charset): Fail
character_set_connection=utf8, collation_connection=utf8_general_ci, character_set_results=utf8
–û—à–∏–±–∫–∞! –°—Ä–∞–≤–Ω–µ–Ω–∏–µ —Å–æ–µ–¥–∏–Ω–µ–Ω–∏—è —Å –±–∞–∑–æ–π –¥–∞–Ω–Ω—ã—Ö –¥–æ–ª–∂–Ω–æ –±—ã—Ç—å utf8_unicode_ci, —Ç–µ–∫—É—â–µ–µ –∑–Ω–∞—á–µ–Ω–∏–µ: utf8_general_ci.
2015-Jan-27 00:36:36 –ö–æ–¥–∏—Ä–æ–≤–∫–∞ –±–∞–∑—ã –¥–∞–Ω–Ω—ã—Ö (check_mysql_db_charset): Warning
–ó–∞–º–µ—á–∞–Ω–∏–µ. –ù–µ —É–¥–∞–ª–æ—Å—å –ø—Ä–æ–≤–µ—Ä–∏—Ç—å –∏–∑-–∑–∞ –æ—à–∏–±–∫–∏ –∫–æ–¥–∏—Ä–æ–≤–∫–∏ —Å–æ–µ–¥–∏–Ω–µ–Ω–∏—è
2015-Jan-27 00:36:37 –ö–æ–¥–∏—Ä–æ–≤–∫–∏ —Ç–∞–±–ª–∏—Ü –≤ –ë–î (check_mysql_table_charset): Warning
–ó–∞–º–µ—á–∞–Ω–∏–µ. –ù–µ —É–¥–∞–ª–æ—Å—å –ø—Ä–æ–≤–µ—Ä–∏—Ç—å –∏–∑-–∑–∞ –æ—à–∏–±–∫–∏ –∫–æ–¥–∏—Ä–æ–≤–∫–∏ —Å–æ–µ–¥–∏–Ω–µ–Ω–∏—è
2015-Jan-27 00:36:37 –°—Ç—Ä—É–∫—Ç—É—Ä–∞ –±–∞–∑—ã –¥–∞–Ω–Ω—ã—Ö (check_mysql_table_structure): Ok
0% done
2015-Jan-27 00:36:38 –°—Ç—Ä—É–∫—Ç—É—Ä–∞ –±–∞–∑—ã –¥–∞–Ω–Ω—ã—Ö (check_mysql_table_structure): Ok
3% done
2015-Jan-27 00:36:40 –°—Ç—Ä—É–∫—Ç—É—Ä–∞ –±–∞–∑—ã –¥–∞–Ω–Ω—ã—Ö (check_mysql_table_structure): Ok
7% done
2015-Jan-27 00:36:41 –°—Ç—Ä—É–∫—Ç—É—Ä–∞ –±–∞–∑—ã –¥–∞–Ω–Ω—ã—Ö (check_mysql_table_structure): Ok
10% done
2015-Jan-27 00:36:41 –°—Ç—Ä—É–∫—Ç—É—Ä–∞ –±–∞–∑—ã –¥–∞–Ω–Ω—ã—Ö (check_mysql_table_structure): Ok
14% done
2015-Jan-27 00:36:41 –°—Ç—Ä—É–∫—Ç—É—Ä–∞ –±–∞–∑—ã –¥–∞–Ω–Ω—ã—Ö (check_mysql_table_structure): Ok
17% done
2015-Jan-27 00:36:43 –°—Ç—Ä—É–∫—Ç—É—Ä–∞ –±–∞–∑—ã –¥–∞–Ω–Ω—ã—Ö (check_mysql_table_structure): Ok
21% done
2015-Jan-27 00:36:43 –°—Ç—Ä—É–∫—Ç—É—Ä–∞ –±–∞–∑—ã –¥–∞–Ω–Ω—ã—Ö (check_mysql_table_structure): Ok
25% done
2015-Jan-27 00:36:43 –°—Ç—Ä—É–∫—Ç—É—Ä–∞ –±–∞–∑—ã –¥–∞–Ω–Ω—ã—Ö (check_mysql_table_structure): Ok
28% done
2015-Jan-27 00:36:44 –°—Ç—Ä—É–∫—Ç—É—Ä–∞ –±–∞–∑—ã –¥–∞–Ω–Ω—ã—Ö (check_mysql_table_structure): Ok
32% done
2015-Jan-27 00:36:45 –°—Ç—Ä—É–∫—Ç—É—Ä–∞ –±–∞–∑—ã –¥–∞–Ω–Ω—ã—Ö (check_mysql_table_structure): Ok
35% done
2015-Jan-27 00:36:46 –°—Ç—Ä—É–∫—Ç—É—Ä–∞ –±–∞–∑—ã –¥–∞–Ω–Ω—ã—Ö (check_mysql_table_structure): Ok
39% done
2015-Jan-27 00:36:47 –°—Ç—Ä—É–∫—Ç—É—Ä–∞ –±–∞–∑—ã –¥–∞–Ω–Ω—ã—Ö (check_mysql_table_structure): Ok
42% done
2015-Jan-27 00:36:47 –°—Ç—Ä—É–∫—Ç—É—Ä–∞ –±–∞–∑—ã –¥–∞–Ω–Ω—ã—Ö (check_mysql_table_structure): Ok
46% done
2015-Jan-27 00:36:48 –°—Ç—Ä—É–∫—Ç—É—Ä–∞ –±–∞–∑—ã –¥–∞–Ω–Ω—ã—Ö (check_mysql_table_structure): Ok
50% done
2015-Jan-27 00:36:49 –°—Ç—Ä—É–∫—Ç—É—Ä–∞ –±–∞–∑—ã –¥–∞–Ω–Ω—ã—Ö (check_mysql_table_structure): Ok
53% done
2015-Jan-27 00:36:49 –°—Ç—Ä—É–∫—Ç—É—Ä–∞ –±–∞–∑—ã –¥–∞–Ω–Ω—ã—Ö (check_mysql_table_structure): Ok
57% done
2015-Jan-27 00:36:51 –°—Ç—Ä—É–∫—Ç—É—Ä–∞ –±–∞–∑—ã –¥–∞–Ω–Ω—ã—Ö (check_mysql_table_structure): Ok
60% done
2015-Jan-27 00:36:52 –°—Ç—Ä—É–∫—Ç—É—Ä–∞ –±–∞–∑—ã –¥–∞–Ω–Ω—ã—Ö (check_mysql_table_structure): Ok
64% done
2015-Jan-27 00:36:52 –°—Ç—Ä—É–∫—Ç—É—Ä–∞ –±–∞–∑—ã –¥–∞–Ω–Ω—ã—Ö (check_mysql_table_structure): Ok
67% done
2015-Jan-27 00:36:52 –°—Ç—Ä—É–∫—Ç—É—Ä–∞ –±–∞–∑—ã –¥–∞–Ω–Ω—ã—Ö (check_mysql_table_structure): Ok
71% done
2015-Jan-27 00:36:53 –°—Ç—Ä—É–∫—Ç—É—Ä–∞ –±–∞–∑—ã –¥–∞–Ω–Ω—ã—Ö (check_mysql_table_structure): Ok
75% done
2015-Jan-27 00:36:54 –°—Ç—Ä—É–∫—Ç—É—Ä–∞ –±–∞–∑—ã –¥–∞–Ω–Ω—ã—Ö (check_mysql_table_structure): Ok
78% done
2015-Jan-27 00:36:54 –°—Ç—Ä—É–∫—Ç—É—Ä–∞ –±–∞–∑—ã –¥–∞–Ω–Ω—ã—Ö (check_mysql_table_structure): Ok
82% done
2015-Jan-27 00:36:59 –°—Ç—Ä—É–∫—Ç—É—Ä–∞ –±–∞–∑—ã –¥–∞–Ω–Ω—ã—Ö (check_mysql_table_structure): Ok
85% done
2015-Jan-27 00:37:03 –°—Ç—Ä—É–∫—Ç—É—Ä–∞ –±–∞–∑—ã –¥–∞–Ω–Ω—ã—Ö (check_mysql_table_structure): Ok
89% done
2015-Jan-27 00:37:04 –°—Ç—Ä—É–∫—Ç—É—Ä–∞ –±–∞–∑—ã –¥–∞–Ω–Ω—ã—Ö (check_mysql_table_structure): Ok
92% done
2015-Jan-27 00:37:05 –°—Ç—Ä—É–∫—Ç—É—Ä–∞ –±–∞–∑—ã –¥–∞–Ω–Ω—ã—Ö (check_mysql_table_structure): Ok
96% done
2015-Jan-27 00:37:05 –°—Ç—Ä—É–∫—Ç—É—Ä–∞ –±–∞–∑—ã –¥–∞–Ω–Ω—ã—Ö (check_mysql_table_structure): Ok
–£—Å–ø–µ—à–Ω–æ
